TN:
SF:src\router.ts
FN:33,(anonymous_0)
FN:52,(anonymous_1)
FNF:2
FNH:2
FNDA:4,(anonymous_0)
FNDA:5,(anonymous_1)
DA:1,2
DA:2,2
DA:3,2
DA:4,2
DA:8,2
DA:11,2
DA:13,2
DA:23,2
DA:33,4
DA:39,2
DA:52,5
DA:60,2
DA:68,2
DA:75,2
LF:14
LH:14
BRF:0
BRH:0
end_of_record
TN:
SF:src\server.ts
FN:8,connectDB
FN:30,(anonymous_2)
FNF:2
FNH:2
FNDA:3,connectDB
FNDA:1,(anonymous_2)
DA:1,2
DA:2,2
DA:3,2
DA:8,2
DA:10,3
DA:11,3
DA:12,2
DA:15,1
DA:16,1
DA:20,2
DA:23,2
DA:26,2
DA:28,2
DA:30,2
DA:31,1
DA:34,2
LF:16
LH:16
BRF:0
BRH:0
end_of_record
TN:
SF:src\config\db.ts
FNF:0
FNH:0
DA:1,2
DA:2,2
DA:5,2
DA:15,2
DA:22,2
LF:5
LH:5
BRF:0
BRH:0
end_of_record
TN:
SF:src\handlers\product.ts
FN:6,(anonymous_1)
FN:11,(anonymous_2)
FN:22,(anonymous_3)
FN:32,(anonymous_4)
FN:50,(anonymous_5)
FN:70,(anonymous_6)
FNF:6
FNH:6
FNDA:2,(anonymous_1)
FNDA:2,(anonymous_2)
FNDA:1,(anonymous_3)
FNDA:2,(anonymous_4)
FNDA:2,(anonymous_5)
FNDA:2,(anonymous_6)
DA:2,2
DA:6,2
DA:7,2
DA:8,2
DA:11,2
DA:12,2
DA:13,2
DA:15,2
DA:16,1
DA:19,1
DA:22,2
DA:28,1
DA:29,1
DA:32,2
DA:36,2
DA:37,2
DA:39,2
DA:40,1
DA:44,1
DA:45,1
DA:47,1
DA:50,2
DA:54,2
DA:55,2
DA:57,2
DA:58,1
DA:63,1
DA:65,1
DA:67,1
DA:70,2
DA:73,2
DA:74,2
DA:76,2
DA:77,1
DA:81,1
DA:82,1
DA:84,1
LF:37
LH:37
BRDA:15,0,0,1
BRDA:39,1,0,1
BRDA:57,2,0,1
BRDA:76,3,0,1
BRF:4
BRH:4
end_of_record
TN:
SF:src\middleware\index.ts
FN:4,(anonymous_0)
FNF:1
FNH:1
FNDA:17,(anonymous_0)
DA:2,2
DA:4,2
DA:6,17
DA:7,17
DA:8,8
DA:12,9
LF:6
LH:6
BRDA:7,0,0,8
BRF:1
BRH:1
end_of_record
TN:
SF:src\models\Product.model.ts
FNF:0
FNH:0
DA:1,3
DA:8,3
DA:12,3
DA:17,3
DA:24,3
DA:27,3
LF:6
LH:6
BRF:0
BRH:0
end_of_record
